Vouh

Level 1 of the Dungeon
(0, 0, D:1)
  20 bolts
(6, 4, D:1)
  a +0 club
(22, 4, D:1)
  a +0 mace
(24, 13, D:1)
  a +0 club
(29, 22, D:1)
  a +0 leather armour
(32, 28, D:1)
  a +0 animal skin
(33, 6, D:1)
  a cursed +0 dagger
(33, 8, D:1)
  21 stones
(33, 17, D:1)
  a +0 dagger
(39, 34, D:1)
  a cursed -3 club

Level 2 of the Dungeon
(2, 3, D:2)
  a +0 falchion
(2, 8, D:2)
  24 arrows
(3, -3, D:2)
  a +0 club
(4, -7, D:2)
  a +0 whip
  29 stones
(6, -8, D:2)
  a stone
(7, -8, D:2)
  a stone
(13, -13, D:2)
  21 stones
(14, -19, D:2)
  a +0 hunting sling
(16, -17, D:2)
  a book of Cantrips
(18, -14, D:2)
  a +0 whip
(24, -4, D:2)
  8 sling bullets
(25, -12, D:2)
  15 arrows
(27, -7, D:2)
  a +0 short sword
(27, -1, D:2)
  a +0 hand axe
(38, -1, D:2)
  a +0 ring mail

Level 3 of the Dungeon
(3, 24, D:3)
  21 stones
(4, 11, D:3)
  a +0 short sword
(5, 10, D:3)
  a +0 short sword
(15, 11, D:3)
  26 stones
(16, 18, D:3)
  a +0 short sword
  a +0 leather armour
(23, 19, D:3)
  a +0 mace
  a +0 dagger
  a +0 robe
  a +0 dagger
  a +0 ring mail
(39, 17, D:3)
  a cursed -1 club
(43, 13, D:3)
  a +0 dagger
(44, 26, D:3)
  17 stones
(53, 23, D:3)
  a +0 leather armour
(56, 6, D:3)
  a +0 flail
  a +0 leather armour
(62, 16, D:3)
  28 stones

Level 4 of the Dungeon
(0, 0, D:4)
  a +0 war axe
(2, -34, D:4)
  a +0 long sword
(4, -44, D:4)
  a +0 dagger
(14, -44, D:4)
  a +0 war axe
(27, 1, D:4)
  13 stones
(33, -19, D:4)
  27 arrows
(46, -40, D:4)
  a +0 dagger
  a +0 robe
(47, -20, D:4)
  a +0 hand axe
  a +0 club
(48, -41, D:4)
  a +0 giant club
(49, -20, D:4)
  a +0 giant spiked club
  a cursed -2 mace
(54, 4, D:4)
  a +0 leather armour

Level 5 of the Dungeon
(0, 0, D:5)
  27 stones
(6, 7, D:5)
  a +0 ring mail
(10, 1, D:5)
  a +0 flail
(10, 2, D:5)
  a +0 mace
(11, -3, D:5)
  a +0 spear
(11, 1, D:5)
  a +0 club
(23, 22, D:5)
  a +1 spear of distortion
(24, 20, D:5)
  a +1 hunting sling of freezing
(25, 5, D:5)
  a throwing net
(28, 11, D:5)
  a +0 falchion
(29, 11, D:5)
  a +0 dagger
  a +0 leather armour
(29, 12, D:5)
  a +0 hand axe
  a +0 leather armour
  a +0 flail of holy wrath

Level 6 of the Dungeon
[Shop] Gyarr's Antique Weapon Shop
  a +2 spear of pain (702 gold)
  a +0 dagger (72 gold)
  a +0 club (36 gold)
  a +0 long sword (126 gold)
  a +0 trident (126 gold)
  a +0 mace (108 gold)
  a +2 bardiche of flaming (1015 gold)
  a +0 great sword (234 gold)
  a +0 short sword (108 gold)
  a +0 whip (90 gold)
  a +0 club (36 gold)
[Shop] Aneank's Antique Armour Boutique
  a +0 helmet (103 gold)
  a +0 scale mail (92 gold)
  a +0 ring mail (92 gold)
  a +0 robe (16 gold)
  a +0 chain mail (103 gold)
[Shop] Xonicsu's Antique Armour Shop
  a +0 ring mail (116 gold)
  a +0 pair of gloves (130 gold)
  a +3 plate armour of fire resistance (1305 gold)
  a +0 plate armour (667 gold)
  a +0 scale mail (116 gold)
  a +0 leather armour (58 gold)
  a +0 ring mail (116 gold)
  a +0 buckler (130 gold)
  the cursed +0 chain mail "Daunilut" {Str+3 Dex+3} (611 gold)
    It affects your strength (+3).
    It affects your dexterity (+3).
    It has a curse placed upon it.
  a +0 robe (20 gold)
  a +3 ring mail of positive energy (667 gold)
  a +1 robe of magic resistance (368 gold)
[Shop] Xuhaloit's Jewellery Shop
  the amulet of Doc Zeok {+Rage Str+7 Dex+5} (1010 gold)
    [amulet of rage]
    
    It affects your strength (+7).
    It affects your dexterity (+5).
    It lets you go berserk.
  an uncursed ring of wizardry (420 gold)
  the ring "Itsidouki" {+Fly rF+ rN+ Str+7 Int-3 Stlth+} (662 gold)
    [ring of positive energy]
    
    It affects your strength (+7).
    It affects your intelligence (-3).
    It protects you from fire.
    It protects you from negative energy.
    It lets you fly.
    It makes you more stealthy.
  a +3 ring of protection (294 gold)
  an uncursed ring of protection from cold (350 gold)
  an uncursed ring of flight (245 gold)
  an uncursed amulet of rage (560 gold)
  an uncursed amulet of faith (560 gold)
  a +2 amulet of reflection (105 gold)
  the ring of Rumipn {rElec rPois Str+3 Stlth+} (513 gold)
    [ring of strength]
    
    It affects your strength (+3).
    It insulates you from electricity.
    It protects you from poison.
    It makes you more stealthy.
[Shop] Suxab's Gadget Emporium
  a phantom mirror (360 gold)
  a phantom mirror (360 gold)
  a wand of flame (22) (144 gold)
  a wand of acid (9) (312 gold)
  a wand of acid (10) (336 gold)
  a wand of flame (21) (138 gold)
  a wand of flame (9) (66 gold)
  a wand of acid (8) (288 gold)
  a box of beasts (240 gold)
(0, 0, D:6)
  a +0 dagger
(1, 8, D:6)
  a +0 robe
  a +0 dagger
(3, 8, D:6)
  a +0 scale mail
  a +0 club
  a +0 robe
  a +0 dagger
  a +0 chain mail
  a +0 halberd
  a +0 dagger
  a +0 scale mail
  a +0 war axe
  a +0 flail
  a +0 chain mail
  a +0 hand axe
  a +0 leather armour
  a +0 whip
  a +0 robe
  a +0 dagger
(4, 8, D:6)
  a +1 short sword of freezing
(5, 8, D:6)
  a +0 flail
  a +0 ring mail
(8, -22, D:6)
  20 stones
(9, -1, D:6)
  4 javelins
(9, 5, D:6)
  a +0 robe
(9, 9, D:6)
  8 boomerangs
(10, -20, D:6)
  a +0 spear
(10, 8, D:6)
  21 stones
(14, 25, D:6)
  a +0 robe
(21, 4, D:6)
  a +0 mace
(23, -20, D:6)
  7 sling bullets
(23, 2, D:6)
  a +0 hand axe
(24, 2, D:6)
  a +0 war axe
  a +0 robe
(24, 3, D:6)
  a cursed +0 chain mail
(29, -22, D:6)
  a +0 ring mail
(43, 13, D:6)
  a +2 dagger of flaming

Level 7 of the Dungeon
(0, 0, D:7)
  20 stones
(1, 0, D:7)
  a +0 leather armour
(10, -4, D:7)
  23 stones
(14, 26, D:7)
  a cursed +0 scale mail
(19, 11, D:7)
  16 stones
(19, 26, D:7)
  a +0 flail
(23, 7, D:7)
  a +0 rapier
(26, -16, D:7)
  28 arrows
(35, -9, D:7)
  a +0 dagger
(36, -3, D:7)
  27 stones
(37, -2, D:7)
  a +0 battleaxe
  a +0 plate armour
(38, -2, D:7)
  a +0 club
  2 boomerangs
(38, 0, D:7)
  a +0 flail
(39, -3, D:7)
  a -2 battleaxe
  a cursed +0 chain mail

Level 8 of the Dungeon
(0, 0, D:8)
  21 arrows
(9, -49, D:8)
  24 arrows
(10, -46, D:8)
  a +0 short sword
  a +0 chain mail
(10, -22, D:8)
  a +0 longbow
(10, -11, D:8)
  a +0 dagger
(11, -47, D:8)
  a +0 club
  a +0 leather armour
(11, -46, D:8)
  a +0 whip
(12, -19, D:8)
  a +0 giant spiked club
(15, -43, D:8)
  an uncursed staff of death
(30, -37, D:8)
  10 stones
(35, 8, D:8)
  a +0 whip
  a +0 leather armour
(36, -29, D:8)
  a cursed +0 robe
  a +0 dagger
(37, -29, D:8)
  a +0 robe
  a +2 dagger of freezing
(46, -29, D:8)
  a +0 leather armour

Level 9 of the Dungeon
[Shop] Cepaf's Gadget Shop
  a fan of gales (640 gold)
  a wand of polymorph (9) (176 gold)
  a crystal ball of energy (320 gold)
  a wand of disintegration (10) (224 gold)
  a wand of polymorph (8) (160 gold)
  a wand of scattershot (4) (384 gold)
  a lightning rod (4/4) (640 gold)
  a box of beasts (320 gold)
  a lightning rod (4/4) (640 gold)
  a wand of disintegration (15) (304 gold)
(6, -18, D:9)
  a +0 dagger
  a +0 robe
(10, -2, D:9)
  19 sling bullets
(13, 4, D:9)
  a +0 shortbow
  21 arrows
(13, 6, D:9)
  an arrow
(13, 7, D:9)
  2 arrows
(13, 8, D:9)
  an arrow
  a +0 robe
  a cursed +0 war axe
(14, 7, D:9)
  a +0 giant club
(21, -27, D:9)
  a +0 war axe
  a +0 leather armour
(22, 15, D:9)
  17 arrows
(22, 16, D:9)
  a cursed +0 helmet
(26, -23, D:9)
  24 stones
(26, -11, D:9)
  a stone
(27, -24, D:9)
  a +0 trident
  a +0 chain mail
(27, -15, D:9)
  2 stones
(30, 12, D:9)
  25 sling bullets
(36, -8, D:9)
  a +0 ring mail
  a +0 dagger
  a +0 robe
  a +0 dagger
  a +0 robe
  a +0 dagger
(36, -7, D:9)
  a +0 dagger
  a +0 robe
(39, -15, D:9)
  a +2 falchion of slicing
  a +0 chain mail
  a +0 dagger
(40, -15, D:9)
  a cursed -1 dagger
  a +0 robe
(40, -14, D:9)
  a +0 whip
  a +0 chain mail
  a +0 hand axe
(41, -15, D:9)
  a +0 scale mail
  a +0 club
(43, -15, D:9)
  a +0 leather armour
  a +0 dagger
(43, -9, D:9)
  a +0 battleaxe
(57, -12, D:9)
  22 stones

Level 10 of the Dungeon
[Shop] Oceluytz's Armour Shoppe
  a +0 chain mail (58 gold)
  a +4 scale mail of fire resistance (403 gold)
  the +2 robe of the Blind Marksman {+Inv Regen+} (321 gold)
    It lets you turn invisible.
    It increases your rate of regeneration.
  a +0 chain mail (58 gold)
  a +0 plate armour (299 gold)
  a +0 robe (9 gold)
  a +0 leather armour (26 gold)
  a +0 helmet (58 gold)
  a +0 chain mail (58 gold)
  a +0 leather armour (26 gold)
(0, 0, D:10)
  a +0 hand axe
(6, 1, D:10)
  6 boomerangs
(8, -4, D:10)
  a +0 whip
  a +0 leather armour
(9, -4, D:10)
  7 silver boomerangs
  a +0 chain mail
  a +0 short sword
  a +0 dagger
  a cursed +0 robe
  a +0 flail
  a +0 club
  a +0 leather armour
  a +0 battleaxe
  a +0 chain mail
(9, 20, D:10)
  a +0 scale mail
(10, -4, D:10)
  a +0 morningstar
(10, 3, D:10)
  a +4 ring mail
  a +0 whip
(10, 4, D:10)
  a +0 giant club
(11, 5, D:10)
  a -1 halberd
  a +0 animal skin
(11, 13, D:10)
  a +0 short sword
  a +0 chain mail
(11, 14, D:10)
  a +0 ring mail
(26, -8, D:10)
  a +0 battleaxe
(36, -3, D:10)
  a +0 robe
  a +0 mace
(37, -4, D:10)
  a +0 robe
  a cursed +6 dagger
(37, -3, D:10)
  a +0 robe
  a cursed +0 flail
(38, -2, D:10)
  a +0 club
(39, -7, D:10)
  an arrow
(39, -6, D:10)
  an arrow
(39, -5, D:10)
  13 arrows
  a +0 shortbow
(40, -6, D:10)
  4 arrows
(41, -6, D:10)
  2 arrows
(41, -5, D:10)
  an arrow
  a +0 robe
  a cursed -1 long sword
(48, -1, D:10)
  a +0 dagger
  a +0 robe of cold resistance
(49, -1, D:10)
  a +2 scimitar of flaming
  a +0 robe

Level 1 of the Lair of Beasts
(0, 0, Lair:1)
  a scroll of identify
(21, 26, Lair:1)
  21 stones
(21, 33, Lair:1)
  27 stones
(27, 27, Lair:1)
  a +0 hat
(60, 3, Lair:1)
  a +0 chain mail

Level 2 of the Lair of Beasts

