Arcades

Level 1 of the Dungeon
(4, -8, D:1)
  15 sling bullets
(8, 2, D:1)
  a +0 robe
(18, -4, D:1)
  a +0 dagger
(23, -14, D:1)
  a +0 dagger
(27, -6, D:1)
  a cursed -2 dagger
(28, -24, D:1)
  8 poisoned darts
(29, -11, D:1)
  a +0 dagger
(29, -3, D:1)
  a +0 hunting sling
(33, -28, D:1)
  a +0 spear
(34, 29, D:1)
  a +0 whip
  a kobold corpse (skeletalised by now)
(36, 20, D:1)
  a +0 club
(36, 29, D:1)
  28 stones
(38, 6, D:1)
  a +0 dagger
(38, 7, D:1)
  2 stones
(39, 5, D:1)
  a cursed +0 short sword
(56, 9, D:1)
  a +0 club

Level 2 of the Dungeon
(0, 0, D:2)
  a rat corpse
(3, 42, D:2)
  a +0 hand axe
(17, 3, D:2)
  a +0 club
  a frilled lizard skeleton
(18, -6, D:2)
  19 bolts
(19, -5, D:2)
  a +0 hand axe
(19, 3, D:2)
  a +0 club
  a +0 club
  a hobgoblin skeleton
(20, -9, D:2)
  18 gold pieces

