Vouh

Level 1 of the Dungeon
(1, -21, D:1)
  a +0 leather armour
(1, -1, D:1)
  a +0 club
(4, -25, D:1)
  a +0 hunting sling
(5, -23, D:1)
  a +0 animal skin
(18, 11, D:1)
  a +0 dagger
(32, -12, D:1)
  a +0 pair of gloves
(33, 9, D:1)
  16 sling bullets
(39, -8, D:1)
  13 stones
(47, -23, D:1)
  a stone
(47, -20, D:1)
  a +0 short sword
(48, -23, D:1)
  a stone

Level 2 of the Dungeon
(3, 19, D:2)
  a +0 club
  a +0 ring mail
(7, 1, D:2)
  a +0 leather armour
(13, 18, D:2)
  an uncursed staff of poison
(31, 5, D:2)
  a +0 robe
(32, 22, D:2)
  a +0 club
(39, 3, D:2)
  a stone
(39, 4, D:2)
  a stone
  a +0 club
(40, 2, D:2)
  a stone
(40, 5, D:2)
  a +0 club
(41, 3, D:2)
  a +0 dagger of holy wrath
(42, 6, D:2)
  a +0 dagger
(43, 29, D:2)
  25 stones
(47, 29, D:2)
  a +0 club

Level 3 of the Dungeon
(0, 0, D:3)
  32 bolts
(18, 34, D:3)
  19 arrows
(21, 35, D:3)
  a +0 robe
(22, 30, D:3)
  a +0 leather armour
  a +0 short sword
  a +0 dagger
  a +0 leather armour
(22, 31, D:3)
  a +0 ring mail
  a +0 club
  a +4 whip
  a +0 club
  a +0 leather armour
(27, 0, D:3)
  a +0 club
(27, 34, D:3)
  27 sling bullets
(43, 17, D:3)
  a +0 hunting sling
(48, 28, D:3)
  a +0 short sword
(52, 23, D:3)
  16 stones
(54, 9, D:3)
  a cursed +0 ring mail

Level 4 of the Dungeon
(10, -10, D:4)
  a +0 giant spiked club
(13, -1, D:4)
  a +0 leather armour
(15, 1, D:4)
  a +0 dagger
(17, -4, D:4)
  20 stones
(19, -1, D:4)
  21 arrows
(20, -36, D:4)
  a +2 quarterstaff of chaos
(21, -37, D:4)
  a +0 mace
(21, -5, D:4)
  a +0 whip
(24, -1, D:4)
  a cursed -2 spear
(32, 5, D:4)
  a +0 giant club
(34, -36, D:4)
  31 arrows
(41, -2, D:4)
  26 stones
(43, -8, D:4)
  a +0 halberd
  a +0 robe
(46, -11, D:4)
  16 bolts
(48, -9, D:4)
  a +0 scale mail
(53, -16, D:4)
  a cursed -3 quarterstaff
(57, -8, D:4)
  a +0 chain mail

Level 5 of the Dungeon
(0, 0, D:5)
  a +0 morningstar
  a +0 robe
  a +0 robe
  a +0 scimitar
(1, 1, D:5)
  a +0 robe
  a +0 falchion
  a +0 robe
  a +0 long sword
(5, 8, D:5)
  13 arrows
(13, -13, D:5)
  a +0 hand axe
(13, 23, D:5)
  24 stones
(22, -13, D:5)
  a +0 scale mail
(26, 29, D:5)
  a +0 whip
(28, -8, D:5)
  a +0 antimagic whip
(32, 13, D:5)
  a +0 dagger
(32, 16, D:5)
  a +0 robe
(33, 37, D:5)
  a +0 hunting sling
(34, -8, D:5)
  a +0 chain mail
(41, 21, D:5)
  25 arrows
(59, 13, D:5)
  a +0 giant club

Level 6 of the Dungeon
(0, 0, D:6)
  a +0 mace
(5, -20, D:6)
  a +2 flail of protection
(6, -22, D:6)
  a +0 long sword
(6, -4, D:6)
  a +0 leather armour
(10, 12, D:6)
  a +0 ring mail
(11, 2, D:6)
  a +0 whip
(18, -26, D:6)
  a +0 giant spiked club
(18, -10, D:6)
  24 stones
(18, -5, D:6)
  a +0 helmet
(19, -3, D:6)
  24 bolts
(20, 7, D:6)
  16 stones
(21, 9, D:6)
  a +0 dagger
(22, 5, D:6)
  a +0 dagger
(23, 17, D:6)
  16 sling bullets
(24, -25, D:6)
  a +0 giant spiked club
(24, -24, D:6)
  18 stones
(24, 7, D:6)
  a +0 dagger
  a +0 robe
(24, 8, D:6)
  a +0 rapier
  a +0 leather armour
(26, 9, D:6)
  a +2 spear
  a +0 robe
(28, -23, D:6)
  a +0 robe
  a +0 scythe
(39, -4, D:6)
  a +0 mace
  a +0 dagger
  a +0 chain mail
  a +0 whip
  a +0 whip
  a +0 leather armour

Level 7 of the Dungeon
(0, 0, D:7)
  a +0 chain mail
(1, 28, D:7)
  19 stones
(4, 27, D:7)
  a +0 chain mail
(14, 11, D:7)
  19 bolts
(22, 10, D:7)
  an arrow
(23, 10, D:7)
  3 arrows
(24, 9, D:7)
  a +0 shortbow
  13 arrows
(34, 24, D:7)
  a +0 hand axe
(34, 37, D:7)
  a +0 leather armour

Level 8 of the Dungeon
(0, 0, D:8)
  a +0 giant spiked club
(7, 0, D:8)
  14 bolts
(15, -19, D:8)
  a +0 war axe
(16, 11, D:8)
  an uncursed staff of death
(18, 12, D:8)
  22 stones
(22, 9, D:8)
  a +0 quarterstaff
(24, -8, D:8)
  a +0 flail
(25, -21, D:8)
  an arrow
(26, 11, D:8)
  21 stones
(29, -21, D:8)
  a +0 shortbow
  13 arrows
(30, -20, D:8)
  11 arrows
(32, -13, D:8)
  a sling bullet
(33, -14, D:8)
  2 sling bullets
(34, -15, D:8)
  7 sling bullets
(37, -17, D:8)
  14 stones
(38, -31, D:8)
  a +0 club
(38, -18, D:8)
  a +0 hunting sling
  a +0 quarterstaff
  10 sling bullets
  a +0 leather armour
(38, 5, D:8)
  a +0 dagger
  a +0 robe
(38, 6, D:8)
  a +0 mace
  a +0 ring mail
  a +0 club
(38, 7, D:8)
  a +0 whip
(45, 10, D:8)
  16 stones
(47, -15, D:8)
  a +0 hand axe

Level 9 of the Dungeon
(3, 5, D:9)
  a +0 spear
(4, 5, D:9)
  2 throwing nets
(12, -31, D:9)
  a +0 dagger of draining
  a +0 robe
(12, -30, D:9)
  a +0 halberd
  a +0 chain mail
(13, -30, D:9)
  a +0 hand axe
(16, 6, D:9)
  a +0 mace
(21, -23, D:9)
  a +0 hunting sling
(22, -18, D:9)
  a +0 hunting sling
(24, -29, D:9)
  a +2 dagger of speed
(26, -30, D:9)
  a +0 scale mail
(26, -29, D:9)
  a +3 war axe
  a +0 plate armour
  a +0 whip
(29, -19, D:9)
  a cursed -2 dagger
  a cursed +0 robe
(30, -33, D:9)
  a scroll of noise
(31, -29, D:9)
  a +0 dagger
  a +0 robe
(33, -29, D:9)
  a +0 chain mail
  a +0 club
(33, -28, D:9)
  a +0 short sword
  a +0 scale mail
(36, -26, D:9)
  a +0 robe
(45, -13, D:9)
  a +0 mace
(45, -9, D:9)
  a +0 flail
(46, -12, D:9)
  a +0 scimitar
  a +0 chain mail
  a +0 scimitar
  a +0 plate armour
(46, -9, D:9)
  a +0 club
  a +0 dagger
  a +0 robe
(46, 1, D:9)
  9 stones
(48, -40, D:9)
  a +0 war axe
(49, -7, D:9)
  a +0 club
(54, -40, D:9)
  a +0 halberd
  a +0 animal skin
(57, -36, D:9)
  a cursed +0 robe

Level 1 of the Orcish Mines
(0, 0, Orc:1)
  a +0 robe
  a cursed -3 dagger
(0, 1, Orc:1)
  a +0 mace (still there?)
  a warg skeleton (still there?)
(0, 2, Orc:1)
  a +0 troll leather armour
  a troll skeleton
(2, 1, Orc:1)
  a +0 chain mail
  a +0 dire flail
  a +0 falchion
  an orc skeleton
(2, 2, Orc:1)
  a +0 chain mail
  a +0 dire flail
  an orc skeleton
(3, 2, Orc:1)
  a +0 scale mail
  a +0 whip
  an orc skeleton
(3, 3, Orc:1)
  a +0 plate armour
  a +0 hand axe
  an orc skeleton

Level 2 of the Orcish Mines
(0, 0, Orc:2)
  22 gold pieces
(3, -3, Orc:2)
  28 gold pieces
(5, -9, Orc:2)
  a poisoned dart
(5, -7, Orc:2)
  18 gold pieces
(5, -4, Orc:2)
  an arrow
(6, -8, Orc:2)
  a poisoned dart
(6, -5, Orc:2)
  a bolt
(7, -7, Orc:2)
  a poisoned dart
(7, -5, Orc:2)
  an arrow
(8, -6, Orc:2)
  a poisoned dart
(9, -5, Orc:2)
  a poisoned dart
(10, -4, Orc:2)
  5 gold pieces
(11, -5, Orc:2)
  an arrow
(11, -3, Orc:2)
  an arrow (still there?)
  a +0 short sword (still there?)
  2 poisoned darts (still there?)
  an orc corpse (still there?)
(12, -11, Orc:2)
  12 gold pieces
(12, -2, Orc:2)
  3 arrows (still there?)
  an arrow (still there?)
  a +0 leather armour (still there?)
  a +0 dagger (still there?)
(13, -4, Orc:2)
  a +0 club (still there?)
  an arrow (still there?)
(14, -9, Orc:2)
  13 gold pieces
(14, -4, Orc:2)
  an arrow
  (unseen)

