Arcades

Level 1 of the Dungeon
(0, 12, D:1)
  a cursed +0 leather armour
(15, 12, D:1)
  a +0 club
(19, 4, D:1)
  a +0 dagger
(27, -1, D:1)
  a cursed -2 dagger
(27, 51, D:1)
  a stone
(29, 44, D:1)
  a +0 club
(30, 51, D:1)
  a +0 short sword
  4 stones
(32, 12, D:1)
  2 stones
(33, 13, D:1)
  a +0 club
(34, 14, D:1)
  a stone
(38, -2, D:1)
  a stone
(40, -3, D:1)
  a +0 club
(49, 14, D:1)
  a +0 short sword
(53, 40, D:1)
  a +0 whip

Level 2 of the Dungeon
(6, -13, D:2)
  a cursed -2 scythe
  a +0 robe
(9, -1, D:2)
  19 stones
(12, 30, D:2)
  a +0 club
(13, 30, D:2)
  a +0 club
(14, -12, D:2)
  a +0 club
(17, 20, D:2)
  a +0 club
  a +0 club
(34, -2, D:2)
  a +0 club
(34, 2, D:2)
  a +0 short sword
(35, 10, D:2)
  14 stones
(35, 11, D:2)
  a +0 scimitar
(40, 27, D:2)
  25 stones

Level 3 of the Dungeon
(0, 0, D:3)
  18 stones
(1, 4, D:3)
  11 stones
(3, -11, D:3)
  a +0 flail
(3, -10, D:3)
  a +0 dagger
  a +0 robe
(3, -6, D:3)
  a +0 dagger
(3, 3, D:3)
  a +0 club
  a +0 ring mail
  a +0 club
  a +0 leather armour
  a +0 dagger
(3, 4, D:3)
  a cursed -2 falchion
  a +0 club
(4, -10, D:3)
  a +0 hand axe
  a +0 leather armour
  a +0 hand axe
(12, -20, D:3)
  a +0 ring mail
(12, -18, D:3)
  a +0 club
(12, -8, D:3)
  21 stones
(24, -17, D:3)
  a +0 leather armour
(25, -16, D:3)
  a +2 dagger of protection
  a +0 ring mail
(27, -15, D:3)
  a +0 club
  a +0 leather armour
(27, -14, D:3)
  a +0 ring mail
(28, -17, D:3)
  a +0 club
(28, -15, D:3)
  a +0 club
  a +0 leather armour
(34, 24, D:3)
  21 stones
(36, -16, D:3)
  a +0 robe
(47, -10, D:3)
  a +0 ring mail
(50, -9, D:3)
  a +0 dagger
(53, 4, D:3)
  a +0 club
(55, 5, D:3)
  a +0 ring mail

Level 4 of the Dungeon
(0, 0, D:4)
  a +1 whip of electrocution
  a +0 chain mail
(7, -5, D:4)
  a +0 ring mail
(14, 27, D:4)
  a +0 leather armour
(17, 32, D:4)
  8 stones
(28, 33, D:4)
  25 stones
(31, -6, D:4)
  a +0 club
  a +0 leather armour
(32, -6, D:4)
  a +0 dagger
  a +0 robe
(32, -5, D:4)
  a +0 flail
  a +0 ring mail
(33, -4, D:4)
  a +0 mace
(46, 22, D:4)
  a cursed -3 giant club
(48, 26, D:4)
  a +0 robe
(50, 1, D:4)
  a +0 great sword

Level 5 of the Dungeon
(0, 0, D:5)
  a hound skeleton
(15, -3, D:5)
  a +0 robe
(24, 19, D:5)
  18 sling bullets
(27, 15, D:5)
  an arrow
(27, 16, D:5)
  an arrow
(28, 13, D:5)
  3 arrows
(28, 14, D:5)
  2 arrows
(28, 15, D:5)
  an arrow
(28, 16, D:5)
  2 arrows
(29, 15, D:5)
  5 arrows
(30, 15, D:5)
  an arrow
(34, 1, D:5)
  a +0 scale mail
(34, 19, D:5)
  a potion of invisibility

