Arcades

Level 1 of the Dungeon
(0, 0, D:1)
  a +0 animal skin
(4, -7, D:1)
  16 stones
(5, 10, D:1)
  a +0 leather armour
(8, 10, D:1)
  18 bolts
(11, 12, D:1)
  a +0 club
(13, 34, D:1)
  26 sling bullets
(14, 17, D:1)
  a +0 dagger
(15, 17, D:1)
  a cursed -1 club
(16, -6, D:1)
  9 arrows
(21, 7, D:1)
  a +0 club
(23, 6, D:1)
  a +0 club
(30, 46, D:1)
  a +0 hand axe
(33, 16, D:1)
  a +0 club
(47, 9, D:1)
  a +0 club
(47, 27, D:1)
  a +0 club
(55, 12, D:1)
  a +0 dagger
(55, 14, D:1)
  a +0 hunting sling

Level 2 of the Dungeon
(0, 0, D:2)
  a +0 club
(5, 0, D:2)
  a +0 short sword
(10, -16, D:2)
  22 arrows
(12, 25, D:2)
  a +0 mace
(15, 2, D:2)
  a +0 spear
(17, 0, D:2)
  a +1 short sword of speed
(22, -1, D:2)
  a stone
(30, 14, D:2)
  a +0 dagger
(40, -1, D:2)
  a +0 spear

Level 3 of the Dungeon
(2, 40, D:3)
  a +2 dagger of venom
(13, 16, D:3)
  a +0 club
(27, -3, D:3)
  a +0 dagger
(28, 7, D:3)
  a +0 dagger
(41, 1, D:3)
  a +0 club
(42, 1, D:3)
  a +0 giant spiked club
(55, 5, D:3)
  a poisoned dart
(56, 5, D:3)
  a poisoned dart

Level 4 of the Dungeon
(0, 0, D:4)
  18 stones
(2, -12, D:4)
  21 stones
(3, 5, D:4)
  a +0 ring mail
(8, 30, D:4)
  a cursed +0 robe
(11, -5, D:4)
  a +0 long sword
  a +0 robe

Level 5 of the Dungeon
(0, 0, D:5)
  a cursed -3 whip
(5, -5, D:5)
  a +0 giant club
(5, 3, D:5)
  16 stones
(19, -6, D:5)
  10 stones
(20, -6, D:5)
  the +0 leather armour of the Shore {Int+2 Dex+6}
    It affects your intelligence (+2).
    It affects your dexterity (+6).
  a +0 hand axe

