Vouh

Level 1 of the Dungeon
(0, 0, D:1)
  a +0 scale mail
(5, 30, D:1)
  a +0 dagger
(11, 9, D:1)
  a +0 spear
(17, 4, D:1)
  a +0 scale mail
(20, 12, D:1)
  a +0 dagger
(21, 11, D:1)
  a cursed -2 halberd
(30, 32, D:1)
  19 sling bullets
(33, -1, D:1)
  a +0 whip
(34, 27, D:1)
  a +0 club
(35, 26, D:1)
  16 arrows
(36, 27, D:1)
  a +0 club
(38, 13, D:1)
  a +0 club
(43, 38, D:1)
  a +0 club
(54, 2, D:1)
  a +0 animal skin
(54, 15, D:1)
  a stone
(55, 15, D:1)
  a stone

Level 2 of the Dungeon
(0, 0, D:2)
  a +0 dagger
  a stone
(0, 2, D:2)
  a +0 club
(1, 1, D:2)
  2 stones
(5, 1, D:2)
  a stone
(7, -3, D:2)
  a +0 dagger
  a +0 hunting sling
  19 stones
(7, 2, D:2)
  a stone
(7, 4, D:2)
  a stone
(8, -1, D:2)
  a stone
(12, -6, D:2)
  25 arrows
(31, 23, D:2)
  28 bolts
(34, -4, D:2)
  29 stones
(35, -4, D:2)
  4 stones
(38, 0, D:2)
  a stone
(38, 1, D:2)
  a stone
(39, 19, D:2)
  a +0 club
(39, 21, D:2)
  18 arrows
(40, 2, D:2)
  a stone
(40, 3, D:2)
  a stone
(41, 12, D:2)
  a +0 dagger
(43, 6, D:2)
  a +0 club
  19 stones
(43, 17, D:2)
  a +0 ring mail
(45, 4, D:2)
  a +0 club
(45, 31, D:2)
  a +0 falchion
(49, 43, D:2)
  a +0 robe

Level 3 of the Dungeon
(6, -6, D:3)
  a +0 helmet
(16, -32, D:3)
  a +0 club
  a kobold corpse (skeletalised by now)
(17, -25, D:3)
  a +0 whip
(21, -27, D:3)
  23 stones
(21, 1, D:3)
  a +0 falchion
(21, 10, D:3)
  a +0 club
(27, 3, D:3)
  a +0 whip
(27, 15, D:3)
  a +0 whip
  5 boomerangs
  a +0 leather armour
  an orc skeleton
(31, -20, D:3)
  21 arrows
(34, -20, D:3)
  a +0 club
(41, -29, D:3)
  22 arrows
(42, 9, D:3)
  a +0 whip
  3 stones
  a kobold corpse
(44, -32, D:3)
  a +0 dagger
(44, 10, D:3)
  a stone
(45, -8, D:3)
  23 stones

Level 4 of the Dungeon
(0, 0, D:4)
  a +0 whip
(2, -1, D:4)
  19 arrows
(4, 8, D:4)
  a wand of random effects (8)
(5, 5, D:4)
  a +0 flail
(7, 9, D:4)
  a +0 mace
(9, 3, D:4)
  a scroll of remove curse
(9, 5, D:4)
  a scroll of remove curse
(10, -5, D:4)
  13 gold pieces

