Arcades

Level 1 of the Dungeon
(0, 0, D:1)
  a +0 club
(9, -23, D:1)
  13 sling bullets
(20, -11, D:1)
  25 sling bullets
(21, -13, D:1)
  a +0 spear
(30, -7, D:1)
  a cursed +0 club
(35, -38, D:1)
  a +0 short sword
(36, -35, D:1)
  a +0 club

Level 2 of the Dungeon
(0, 0, D:2)
  a +0 club
  a +0 leather armour
  an orc skeleton
(3, 4, D:2)
  an adder skeleton
(4, -1, D:2)
  a +0 dagger
  a kobold corpse
(12, 14, D:2)
  a bat skeleton
(13, 23, D:2)
  a +0 club
(16, 9, D:2)
  a goblin skeleton
(17, 22, D:2)
  a +0 leather armour
(18, 22, D:2)
  20 arrows
(20, -1, D:2)
  a rat skeleton
(30, -6, D:2)
  10 gold pieces

