Arcades

Level 1 of the Dungeon
(0, 0, D:1)
  19 bolts
(0, 2, D:1)
  a +0 dagger
(10, 22, D:1)
  a +0 dagger
(11, -6, D:1)
  18 arrows
(11, 19, D:1)
  a stone
(12, 15, D:1)
  a stone
(12, 16, D:1)
  a stone
(12, 17, D:1)
  a stone
(17, -6, D:1)
  15 bolts
(23, 32, D:1)
  a +0 club
  (unseen)
(24, 32, D:1)
  a +0 club
(26, 48, D:1)
  a +0 hand axe
(29, 6, D:1)
  24 arrows
(33, 40, D:1)
  a cursed +0 dagger
(35, 12, D:1)
  a +0 mace
(41, 16, D:1)
  20 bolts

Level 2 of the Dungeon
(0, 0, D:2)
  17 sling bullets
(12, -3, D:2)
  a scroll of amnesia
(15, 1, D:2)
  19 sling bullets
(17, -4, D:2)
  a ration
(17, 1, D:2)
  a stone
(21, -8, D:2)
  a +0 trident
(21, 1, D:2)
  a scroll of remove curse
(22, -4, D:2)
  a +0 ring mail

