Arcades

Level 1 of the Dungeon
(0, 0, D:1)
  a +0 whip
(3, -5, D:1)
  a +0 short sword
(7, -34, D:1)
  a +0 spear
(16, -19, D:1)
  a +0 dagger
(16, -1, D:1)
  15 stones
(18, -6, D:1)
  a +0 club
(27, 4, D:1)
  a +0 leather armour
(29, 2, D:1)
  a +0 dagger
  a stone
(29, 3, D:1)
  a +0 club
(29, 4, D:1)
  3 stones
(29, 5, D:1)
  a +0 dagger
  6 stones
(30, 3, D:1)
  4 stones
(31, -3, D:1)
  a +0 club
(31, 3, D:1)
  a stone
(32, 3, D:1)
  a stone
(33, 2, D:1)
  a stone
(34, 2, D:1)
  a stone
(34, 4, D:1)
  a stone
(39, -7, D:1)
  a +0 dagger
(52, -11, D:1)
  a +0 club

Level 2 of the Dungeon
(0, 0, D:2)
  11 arrows
  a +0 falchion
(3, -14, D:2)
  7 boomerangs
(6, 13, D:2)
  a +0 dagger
(19, -12, D:2)
  a +4 short sword
  11 stones
(19, -2, D:2)
  12 sling bullets
(20, -14, D:2)
  a +0 robe
(21, -19, D:2)
  a stone
(21, -18, D:2)
  a stone
(21, -16, D:2)
  a stone
(23, -4, D:2)
  a +0 rapier
(24, -5, D:2)
  a +0 club
(27, -12, D:2)
  a +0 club
(36, 7, D:2)
  a +0 leather armour
(37, 9, D:2)
  17 arrows
(49, -4, D:2)
  a +0 helmet
(50, -4, D:2)
  a +0 falchion
  a +0 chain mail
(51, 22, D:2)
  21 arrows
(54, -2, D:2)
  17 stones

Level 3 of the Dungeon
(0, 0, D:3)
  a goblin skeleton
(2, -23, D:3)
  a quokka skeleton
(3, -5, D:3)
  a +0 hand axe
(4, -22, D:3)
  a +1 robe of positive energy
(8, -9, D:3)
  a poisoned dart
(8, -5, D:3)
  4 poisoned darts
(31, -22, D:3)
  a cursed -1 short sword
  a +0 leather armour
  a +0 dagger
  a cursed -1 short sword
  a +0 leather armour

