Arcades

Level 1 of the Dungeon
(0, 0, D:1)
  a +0 club
(11, -6, D:1)
  a +2 vampiric short sword {!w}
(15, -2, D:1)
  a +0 hand axe
(16, -24, D:1)
  a +0 dagger
(21, -2, D:1)
  a +0 club
(29, -26, D:1)
  a +0 club
(30, -29, D:1)
  a +0 mace
(36, -19, D:1)
  a +0 leather armour

Level 2 of the Dungeon
(2, -26, D:2)
  a +0 short sword
(2, -11, D:2)
  4 stones
(2, 14, D:2)
  a +0 chain mail
(3, 11, D:2)
  a giant cockroach corpse
(4, -10, D:2)
  17 sling bullets
(4, -1, D:2)
  a hobgoblin corpse
(5, 22, D:2)
  a potion of curing
(6, 18, D:2)
  an adder corpse
(21, -21, D:2)
  12 stones
(23, -27, D:2)
  a +0 club
(23, -13, D:2)
  a +0 club
(28, -11, D:2)
  4 large rocks {!d}
(37, -32, D:2)
  26 stones
(42, -20, D:2)
  20 arrows
(45, -23, D:2)
  a +0 leather armour

