Vouh

Level 1 of the Dungeon
(0, 0, D:1)
  a +0 dagger
(2, 30, D:1)
  a +0 short sword
(6, 21, D:1)
  a +0 club
(6, 22, D:1)
  a +0 club
(7, 1, D:1)
  a +0 short sword

Level 2 of the Dungeon
(0, 0, D:2)
  23 arrows
(2, 19, D:2)
  a +0 club
  a +0 leather armour
(3, 19, D:2)
  a +0 robe
(8, 44, D:2)
  a +0 dagger
(14, -2, D:2)
  a +0 leather armour
(18, 0, D:2)
  a +0 dagger
(20, 3, D:2)
  a throwing net
(24, 10, D:2)
  a +0 animal skin
(39, -6, D:2)
  a +0 club

Level 3 of the Dungeon
(0, 0, D:3)
  a +0 mace (still there?)
  a +0 hand axe (still there?)
(0, 6, D:3)
  a stone
(1, 1, D:3)
  a stone
(2, 3, D:3)
  2 stones (still there?)
  a stone (still there?)

