Ynaamitz

Level 1 of the Dungeon
(0, 0, D:1)
  a +0 ring mail
(13, -10, D:1)
  a +0 animal skin
  a +0 robe
(35, -25, D:1)
  a +0 spear

Level 2 of the Dungeon
(0, 0, D:2)
  2 throwing nets
  a gnoll corpse
(1, 0, D:2)
  a +0 halberd
(9, -9, D:2)
  29 arrows
(10, 4, D:2)
  a +0 leather armour
(17, -22, D:2)
  a +0 hand axe
(23, 0, D:2)
  a +0 mace
(31, -13, D:2)
  a leopard gecko skeleton
(32, -13, D:2)
  a bat skeleton
(33, -12, D:2)
  a goblin skeleton
(33, -11, D:2)
  16 stones
(37, 10, D:2)
  a +0 ring mail of fire resistance
(39, 14, D:2)
  a +0 club
  a +0 club
(40, 5, D:2)
  a +0 leather armour
(41, 22, D:2)
  a +0 club
(46, -4, D:2)
  a cursed +0 ring mail
(47, 11, D:2)
  a kobold corpse (skeletalised by now)
(51, -2, D:2)
  a +0 club

