Arcades

Level 1 of the Dungeon
(0, 0, D:1)
  a cursed -3 dagger
(5, -20, D:1)
  13 stones
(13, -40, D:1)
  22 sling bullets
(14, -3, D:1)
  a +0 whip
(14, 2, D:1)
  12 stones
(31, -33, D:1)
  a +0 club
(33, -19, D:1)
  a +0 centaur barding
(47, -43, D:1)
  a +0 whip

Level 2 of the Dungeon
(0, 0, D:2)
  13 sling bullets
(2, 10, D:2)
  a +0 dagger
(14, -13, D:2)
  a +0 club
(19, -21, D:2)
  a cursed -3 dagger
(22, -2, D:2)
  a +0 club
(23, -2, D:2)
  a +0 short sword
(28, -20, D:2)
  a +0 hunting sling
(33, -1, D:2)
  a +0 club
(35, -15, D:2)
  a +0 leather armour
(37, -19, D:2)
  a +0 club

Level 3 of the Dungeon
(0, 0, D:3)
  a +0 leather armour
(5, 6, D:3)
  a cursed +0 trident
  a +0 scale mail
(19, 1, D:3)
  a +0 club
(20, 4, D:3)
  a +0 trident
(23, 1, D:3)
  a +0 short sword
(24, 5, D:3)
  a +0 scale mail
  a +0 flail
(24, 6, D:3)
  a cursed -1 club
(25, 4, D:3)
  a +0 club
(25, 8, D:3)
  a +0 mace
(25, 12, D:3)
  a +0 flail
(26, 16, D:3)
  16 bolts
(28, 21, D:3)
  a +0 whip
(31, 15, D:3)
  a +0 dagger
(36, 16, D:3)
  17 bolts
(37, -4, D:3)
  a +0 leather armour
  a cursed +0 falchion
(40, 7, D:3)
  a book of Enchantments
  a +0 dagger
(40, 12, D:3)
  23 bolts
(42, 2, D:3)
  a +0 club
(44, 19, D:3)
  a +0 dagger
(46, 7, D:3)
  a +0 ring mail
  a +0 club
  a +0 club
(46, 8, D:3)
  a +0 short sword
  a +0 club
  a +0 leather armour
(47, 9, D:3)
  a +0 leather armour
  a +0 trident
(48, -6, D:3)
  a +0 club
(51, 16, D:3)
  a +0 dagger

Level 4 of the Dungeon
(0, 0, D:4)
  a +0 shield
(11, -7, D:4)
  a +0 leather armour
  a +0 falchion
(16, 1, D:4)
  a +0 spear
(17, 31, D:4)
  a +0 robe
(22, 0, D:4)
  a +0 flail
(22, 1, D:4)
  a +0 plate armour
  a +0 dire flail
(22, 2, D:4)
  a +0 leather armour
(34, -1, D:4)
  a -3 hand axe
  a scroll of random uselessness
  a +0 war axe
  a +0 scale mail
  a scroll of immolation {!r}
  a +0 animal skin
  a +0 hand axe
(49, 8, D:4)
  a +0 scale mail
(58, 25, D:4)
  a +0 halberd
  a +0 robe
(65, -15, D:4)
  a cursed -3 dagger

Level 5 of the Dungeon
[Shop] Womotou's Antique Weapon Shop
  a +1 glaive of venom (458 gold)
  a +2 rapier of protection (520 gold)
  a +5 hand axe of holy wrath (1004 gold)
  the +7 flail of Moderation {protect, *Contam rC++ Stlth+} (1887 gold)
    It grants its wielder temporary protection when it strikes (+7 to AC).
    
    It greatly protects you from cold.
    It causes magical contamination when unequipped.
    It makes you more stealthy.
  a +0 club (31 gold)
  a +0 rapier (124 gold)
  a +0 club (31 gold)
  a +0 hunting sling (46 gold)
  a +0 rapier (124 gold)
  a +0 flail (108 gold)
[Shop] Jayvar Venal's Antique Weapon Emporium
  a +0 mace (93 gold)
  a +0 hunting sling of freezing (145 gold)
  a +0 falchion (93 gold)
  a +0 dagger (62 gold)
  a +0 whip (77 gold)
  a +0 flail (108 gold)
  a +0 rapier (124 gold)
  a +4 executioner's axe of chopping (1147 gold)
(14, 17, D:5)
  a +0 short sword
(15, 17, D:5)
  a cursed -1 dagger
  a +0 robe
  a +0 short sword
(23, -2, D:5)
  a book of Conjurations
(34, 34, D:5)
  a +0 leather armour
(36, 34, D:5)
  a +0 giant club
  a +0 mace
(38, 33, D:5)
  a +0 club
(39, 33, D:5)
  a +0 short sword
(45, 19, D:5)
  a +0 club
(49, 47, D:5)
  25 arrows
(55, 25, D:5)
  16 sling bullets

Level 6 of the Dungeon
[Shop] Keall's Food Boutique
  a ration (55 gold)
  a ration (55 gold)
  a ration (55 gold)
  a ration (55 gold)
  a ration (55 gold)
  a ration (55 gold)
  a ration (55 gold)
  a ration (55 gold)
[Shop] Cahafu Pocy's Magic Scroll Emporium
  a scroll of amnesia (38 gold)
  a scroll of enchant weapon (82 gold)
  a scroll of identify (22 gold)
  a scroll of magic mapping (38 gold)
  a scroll of identify (22 gold)
  a scroll of identify (22 gold)
[Shop] Torr's Assorted Antiques
  a book of Callings (840 gold)
  a +0 hunting sling (42 gold)
  a phial of floods (1120 gold)
  a scroll of vulnerability (210 gold)
  a scroll of remove curse (84 gold)
  a +0 battleaxe (182 gold)
  a Fen Folio (2100 gold)
  a scroll of fog (56 gold)
  a +2 quarterstaff of protection (470 gold)
  a lamp of fire (1120 gold)
  a wand of paralysis (10) (336 gold)
[Shop] Deagho's Weapon Boutique
  a +0 scimitar (48 gold)
  a +1 flail of draining (159 gold)
  a +0 spear (36 gold)
  a +1 war axe of venom (134 gold)
  a +0 halberd (48 gold)
  7 stones (8 gold)
  29 stones (34 gold)
  24 stones (28 gold)
  a +3 flail of crushing (266 gold)
[Shop] Qyesmuak's Antique Weapon Shop
  a +0 club (22 gold)
  a +1 lajatang of distortion (979 gold)
  a +3 hunting sling (407 gold)
  a +0 club (22 gold)
  a +0 hunting sling (33 gold)
  a +2 long sword of holy wrath (402 gold)
  a +1 hunting sling of velocity (202 gold)
  a +0 trident (77 gold)
(3, -5, D:6)
  a +0 ring mail
  a +0 whip
(4, 25, D:6)
  a +0 short sword
(7, 6, D:6)
  a +0 short sword
(11, -20, D:6)
  18 bolts
(16, -17, D:6)
  a +0 robe
  a cursed +0 halberd
(16, -15, D:6)
  a +0 robe
  a cursed +2 long sword of freezing
(17, -17, D:6)
  a +0 robe
  a cursed +0 flail
(18, -17, D:6)
  a +0 robe
  a cursed +0 flail
(19, 7, D:6)
  a +0 leather armour
(20, -18, D:6)
  a +0 robe
  a +0 long sword
(22, -23, D:6)
  a +0 leather armour
(29, 5, D:6)
  a book of Geomancy
(36, 10, D:6)
  a +0 dagger
(44, -7, D:6)
  a book of Debilitation
(59, 10, D:6)
  the +4 dagger of Integrity {pain, *Drain rN++ Int+3 Dex+4}
    In the hands of one skilled in necromantic magic, it inflicts extra damage
    on living creatures.
    
    It affects your intelligence (+3).
    It affects your dexterity (+4).
    It greatly protects you from negative energy.
    It causes draining when unequipped.

Level 7 of the Dungeon
[Shop] Geran's Gadget Emporium
  a box of beasts (280 gold)
  a wand of random effects (3) (35 gold)
  a wand of random effects (10) (84 gold)
  a fan of gales (560 gold)
  a wand of acid (14) (504 gold)
  a wand of scattershot (4) (336 gold)
  a wand of polymorph (6) (112 gold)
  a lightning rod (4/4) (560 gold)
  a lamp of fire (560 gold)
  a wand of flame (21) (161 gold)
  a sack of spiders (280 gold)
(15, -13, D:7)
  a +0 club
  a +0 robe
  a +0 club
  a +0 whip
(16, -14, D:7)
  a +0 spear
(16, -12, D:7)
  a cursed -1 spear
(21, 0, D:7)
  a +0 chain mail
(22, -24, D:7)
  a +0 great sword
(23, 22, D:7)
  19 sling bullets
(24, 11, D:7)
  a +0 giant club
(52, -13, D:7)
  a +0 giant spiked club
(52, 13, D:7)
  a +0 short sword
  a +0 leather armour
(52, 14, D:7)
  a cursed +0 dagger
  a +0 robe
(59, 2, D:7)
  a +0 mace
(63, 10, D:7)
  16 sling bullets
(66, -20, D:7)
  a +0 falchion
(66, 22, D:7)
  a +2 dagger of speed

Level 8 of the Dungeon
(0, 0, D:8)
  4 arrows
(0, 1, D:8)
  an arrow
(1, 0, D:8)
  10 arrows
(3, -1, D:8)
  a +0 shortbow
  13 arrows
(5, 9, D:8)
  2 silver boomerangs
(9, 16, D:8)
  a +0 rapier
(23, 13, D:8)
  a +0 leather armour
(26, 13, D:8)
  9 gold pieces

Level 10 of the Dungeon
(0, 0, D:10)
  a +0 flail
(1, 0, D:10)
  a +0 dagger
  a +0 robe
  a +1 dagger of venom
  a +0 robe
(2, 0, D:10)
  a +0 club
  a +0 leather armour
(2, 18, D:10)
  a +0 ring mail
(5, -2, D:10)
  a +0 leather armour
(20, -1, D:10)
  a +0 leather armour
(22, -15, D:10)
  a +0 dagger
  a +0 robe
  a +0 flail
  a +0 dagger
  a +0 robe
(22, -13, D:10)
  a scroll of immolation
(22, 23, D:10)
  an uncursed staff of wizardry
(23, -15, D:10)
  a +1 hand axe of chopping
  a +0 scale mail
  a +0 dagger
  a +0 robe
  a +0 long sword
  a +0 plate armour
  a +0 club
  a +0 club
  a +0 leather armour
(23, -14, D:10)
  a +0 mace
  a +0 leather armour
  a +3 flail
  a +0 leather armour
(24, 22, D:10)
  10 bolts
(26, 14, D:10)
  a +0 short sword
(26, 15, D:10)
  a +0 dagger
  a +0 long sword
(26, 16, D:10)
  a +0 whip
(27, 15, D:10)
  a +0 flail
  a cursed -3 mace
(29, -23, D:10)
  a cursed +0 short sword
(31, -6, D:10)
  a +0 leather armour
(31, 0, D:10)
  a +0 dagger
(32, 25, D:10)
  a scroll of immolation

Level 11 of the Dungeon
(0, 0, D:11)
  a +0 ring mail
(1, 8, D:11)
  an arrow
(4, 8, D:11)
  a scroll of amnesia
(6, -33, D:11)
  a +0 giant club
  a +0 great mace
(6, 8, D:11)
  6 arrows
(7, 8, D:11)
  a +0 shortbow
  a +0 shortbow
  a +0 shortbow
  24 arrows
  a scroll of amnesia
(8, 4, D:11)
  5 arrows
(8, 5, D:11)
  3 arrows
(8, 7, D:11)
  a +0 shortbow
  34 arrows
(8, 8, D:11)
  a +0 shortbow
  16 arrows
(10, -33, D:11)
  a +0 robe
(12, -12, D:11)
  a +0 dagger
(13, -42, D:11)
  a +0 giant club
(26, -11, D:11)
  a +0 mace
(30, 11, D:11)
  a +0 flail
(31, 11, D:11)
  a +0 war axe
  a +0 plate armour
(36, -25, D:11)
  a book of Callings
(37, -22, D:11)
  a +0 battleaxe of chopping
  a +0 scale mail
(38, -24, D:11)
  5 large rocks {!d}
(39, -1, D:11)
  a +0 shortbow
  11 arrows
(39, 0, D:11)
  3 arrows
(39, 5, D:11)
  an arrow
(44, -17, D:11)
  9 poisoned darts

Level 1 of the Lair of Beasts
(0, 0, Lair:1)
  a cursed -3 mace
(1, -19, Lair:1)
  a +0 robe
(10, -32, Lair:1)
  a scroll of random uselessness
(17, -26, Lair:1)
  a +0 scale mail
(37, -35, Lair:1)
  9 sling bullets
(38, -34, Lair:1)
  14 arrows
(55, -27, Lair:1)
  a scroll of amnesia
(58, -20, Lair:1)
  a book of Air
(66, 10, Lair:1)
  a bullfrog corpse (skeletalised by now)

Level 2 of the Lair of Beasts
(0, 0, Lair:2)
  a book of Geomancy
(0, 5, Lair:2)
  a komodo dragon corpse
(10, 5, Lair:2)
  11 sling bullets
(13, 0, Lair:2)
  a +7 antimagic demon trident
(16, 2, Lair:2)
  a crocodile corpse
(19, -6, Lair:2)
  a polar bear skeleton
(19, 8, Lair:2)
  a +0 scale mail
(32, 21, Lair:2)
  a +2 ring mail of cold resistance
(32, 22, Lair:2)
  a +0 scale mail
(33, 21, Lair:2)
  a +0 long sword
(34, 21, Lair:2)
  2 scrolls of remove curse
(35, 21, Lair:2)
  the ring of Phasing {EV+8}
    [ring of evasion]
    
    It affects your evasion (+8).
(35, 22, Lair:2)
  an uncursed staff of poison
(38, 15, Lair:2)
  a stone
(41, 18, Lair:2)
  a stone
(42, 22, Lair:2)
  21 gold pieces
(44, 12, Lair:2)
  a +0 flail
(51, 9, Lair:2)
  a +0 chain mail
(51, 22, Lair:2)
  a scroll of amnesia

