Vouh

Level 1 of the Dungeon
(0, 0, D:1)
  a +0 dagger
(5, 0, D:1)
  a +0 leather armour
(5, 2, D:1)
  21 stones
(6, -11, D:1)
  16 bolts
(7, -5, D:1)
  a +0 short sword
(7, 17, D:1)
  a +0 short sword
(8, -15, D:1)
  a +0 dagger
(8, 26, D:1)
  11 stones
(9, -5, D:1)
  3 boomerangs
(25, -18, D:1)
  a +0 short sword
(33, -30, D:1)
  a +0 club
(36, -17, D:1)
  a +0 dagger
(42, -24, D:1)
  a stone
(48, -27, D:1)
  11 stones
(53, -9, D:1)
  6 boomerangs
(55, 19, D:1)
  a +0 club
(59, 15, D:1)
  a +0 dagger

Level 2 of the Dungeon
(0, 0, D:2)
  a +0 leather armour
(6, 41, D:2)
  11 stones
(13, 5, D:2)
  3 stones
  a +0 club
(16, 4, D:2)
  a stone
(25, 8, D:2)
  a cursed -1 club
(37, 53, D:2)
  a +0 club
(38, 63, D:2)
  a +0 robe
(51, 49, D:2)
  a +0 mace
(52, 38, D:2)
  a +0 dagger
(56, 15, D:2)
  a +0 dagger
(59, 7, D:2)
  a +0 club
(61, 0, D:2)
  a +0 short sword

Level 3 of the Dungeon
(0, 0, D:3)
  a +0 club
(4, 42, D:3)
  a +0 leather armour
(8, 8, D:3)
  a +0 club
(17, 5, D:3)
  a +0 club
(20, 41, D:3)
  a +0 robe
(28, 27, D:3)
  a +0 club
(31, 30, D:3)
  a +0 leather armour
(38, -5, D:3)
  8 stones
(40, -1, D:3)
  a rat skeleton
(41, 42, D:3)
  a +2 hunting sling of freezing
(42, 17, D:3)
  25 bolts
(44, -1, D:3)
  11 arrows
(50, -5, D:3)
  8 stones
(50, 34, D:3)
  a +0 dagger
(62, 33, D:3)
  a +0 whip

Level 4 of the Dungeon
[Shop] Autroitz's Alliterative Accessories
  (Shop contents are unknown)
(10, -11, D:4)
  a scroll of teleportation

