Arcades

Level 1 of the Dungeon
(0, 0, D:1)
  a +0 club
(5, 14, D:1)
  a +0 dagger
(6, 14, D:1)
  a +0 club
(6, 15, D:1)
  a +0 club
(12, 51, D:1)
  a cursed -1 club
(19, 1, D:1)
  a +0 dagger
(23, 39, D:1)
  a +0 dagger
(25, 11, D:1)
  a +0 club
(36, 36, D:1)
  a cursed +0 dagger
(39, 11, D:1)
  27 sling bullets

Level 2 of the Dungeon
(0, 0, D:2)
  a +0 short sword
(2, -15, D:2)
  a +0 club
(3, -16, D:2)
  60 stones
(4, 12, D:2)
  a +0 club
(5, 13, D:2)
  a +0 short sword
  a kobold corpse (skeletalised by now)
(7, -5, D:2)
  a +0 buckler
  a +0 mace
  a +0 whip
(13, 24, D:2)
  9 arrows
(14, 0, D:2)
  a +0 club
(17, 3, D:2)
  a +0 whip
(19, 1, D:2)
  a +0 club
(21, -13, D:2)
  a +0 dagger
(26, 5, D:2)
  a +0 flail
(27, 21, D:2)
  an adder skeleton
(40, -20, D:2)
  10 arrows
(40, -13, D:2)
  a +0 dagger
(41, 10, D:2)
  18 arrows

Level 3 of the Dungeon
(0, 0, D:3)
  a +0 spear
  a gnoll corpse
(1, 1, D:3)
  a +0 club
  (unseen)
(3, -4, D:3)
  a javelin

