Arcades

Level 1 of the Dungeon
(0, 0, D:1)
  31 arrows
(5, 11, D:1)
  a kobold corpse
(5, 12, D:1)
  a +0 club
  a goblin skeleton
(9, 14, D:1)
  a +0 ring mail
(10, 29, D:1)
  26 sling bullets
(12, -3, D:1)
  a jackal skeleton
(12, 26, D:1)
  a +0 short sword
(12, 30, D:1)
  a scroll of identify
(13, -4, D:1)
  a jackal skeleton
(13, -3, D:1)
  a jackal skeleton
  a hobgoblin skeleton
(14, 12, D:1)
  a +0 hand axe
(16, 9, D:1)
  a kobold corpse (skeletalised by now)
(17, 11, D:1)
  2 stones
(18, 14, D:1)
  a +0 dagger
(34, 9, D:1)
  a +0 club
  a hobgoblin skeleton
(36, 8, D:1)
  a bat skeleton
(40, 2, D:1)
  a +0 club
(44, -4, D:1)
  17 stones

