Ynaamitz

Level 1 of the Dungeon
(0, 0, D:1)
  14 arrows
(1, -19, D:1)
  a +0 dagger
(2, 6, D:1)
  a +0 leather armour
(4, -8, D:1)
  a +0 animal skin
(5, 5, D:1)
  a +0 hunting sling
(8, -9, D:1)
  35 stones
(8, 1, D:1)
  a +0 dagger
(14, 11, D:1)
  a +0 leather armour
(22, -23, D:1)
  17 stones
(30, -23, D:1)
  a +0 mace
(33, -8, D:1)
  27 stones
(38, -8, D:1)
  18 stones
(39, 7, D:1)
  16 arrows
(40, 5, D:1)
  a +0 whip of distortion

Level 2 of the Dungeon
(0, 0, D:2)
  a +0 spear
  (unseen)
(1, -1, D:2)
  a +1 dagger of protection
(3, 0, D:2)
  a scroll of identify
(16, 3, D:2)
  a frilled lizard skeleton

