Arcades

Level 1 of the Dungeon
(0, 12, D:1)
  a cursed +0 leather armour
(15, 12, D:1)
  a +0 club
(19, 4, D:1)
  a +0 dagger
(24, -3, D:1)
  a cursed -2 dagger
(27, 51, D:1)
  a stone
(29, 44, D:1)
  a +0 club
(30, 51, D:1)
  a +0 short sword
  4 stones
(32, 12, D:1)
  a +0 club
(32, 14, D:1)
  3 stones
(40, -3, D:1)
  a +0 club
(48, 13, D:1)
  a +0 short sword
(52, 39, D:1)
  a +0 whip

Level 2 of the Dungeon
(8, -5, D:2)
  19 stones
(11, 25, D:2)
  a +0 club
(12, 26, D:2)
  a +0 club
(13, -16, D:2)
  a +0 club
(16, 16, D:2)
  a +0 club
  a +0 club
(24, -18, D:2)
  25 arrows
(24, -3, D:2)
  a cursed -2 scythe
  a +0 robe
(33, -7, D:2)
  a +0 club
(33, -2, D:2)
  a +0 short sword
(34, 6, D:2)
  14 stones
(34, 7, D:2)
  a +0 scimitar
(39, 23, D:2)
  25 stones

Level 3 of the Dungeon
(0, 0, D:3)
  a +0 dagger
(3, 2, D:3)
  18 stones
(4, 6, D:3)
  11 stones
(6, -11, D:3)
  a +0 flail
  a +0 hand axe
  a +0 leather armour
  a +0 dagger
  a +0 robe
(6, -10, D:3)
  a +0 hand axe
(6, 5, D:3)
  a +0 club
  a cursed -2 falchion
  a +0 club
  a +0 ring mail
  a +0 dagger
(6, 6, D:3)
  a +0 club
  a +0 leather armour
(15, -18, D:3)
  a +0 ring mail
(15, -6, D:3)
  21 stones
(27, -15, D:3)
  a +0 leather armour
(27, -14, D:3)
  a +0 club
(30, -12, D:3)
  a +2 dagger of protection
  a +0 ring mail
(31, -13, D:3)
  a +0 club
  a +0 leather armour
(31, -12, D:3)
  a +0 ring mail
(32, -13, D:3)
  a +0 club
  a +0 club
  a +0 leather armour
(37, 26, D:3)
  21 stones
(39, -14, D:3)
  a +0 robe
(55, -7, D:3)
  a +0 dagger
  a +0 ring mail
(56, 6, D:3)
  a +0 club
(58, 7, D:3)
  a +0 ring mail

Level 4 of the Dungeon
(0, 0, D:4)
  a +1 whip of electrocution
  a +0 chain mail
(3, -12, D:4)
  a +0 ring mail
(10, 26, D:4)
  a +0 leather armour
(13, 25, D:4)
  8 stones
(15, -11, D:4)
  a +0 whip
(24, 26, D:4)
  25 stones
(35, -4, D:4)
  a +0 mace
(36, -5, D:4)
  a +0 club
  a +0 leather armour
(39, -9, D:4)
  a +0 flail
  a +0 ring mail
(39, -7, D:4)
  a +0 dagger
  a +0 robe
(42, 15, D:4)
  a cursed -3 giant club
(43, 16, D:4)
  23 arrows
(44, 19, D:4)
  a +0 robe
(46, -6, D:4)
  a +0 great sword

Level 5 of the Dungeon
(19, 17, D:5)
  a +0 shortbow
(20, 3, D:5)
  a +0 robe
(21, 27, D:5)
  a +0 falchion
  a +0 scale mail
(28, 24, D:5)
  a +0 shortbow
(29, 25, D:5)
  18 sling bullets
(36, 30, D:5)
  a +0 club
  a +0 leather armour
  a +0 flail
(37, 29, D:5)
  a +0 dagger
  a +0 robe
(37, 30, D:5)
  a +0 dagger
  a +0 robe
(39, 7, D:5)
  a +0 scale mail
(39, 35, D:5)
  14 bolts
(55, 18, D:5)
  a +0 robe

Level 6 of the Dungeon
(0, 0, D:6)
  a cursed +0 giant spiked club
(1, -7, D:6)
  24 stones
(10, 12, D:6)
  a +0 war axe
(18, 0, D:6)
  a +0 giant club
(23, -2, D:6)
  28 bolts
(26, -10, D:6)
  a +0 rapier
  a +0 leather armour
(31, 1, D:6)
  a +0 spear
(33, -13, D:6)
  15 stones
(43, -11, D:6)
  a +0 dagger
(49, -5, D:6)
  15 stones
(49, 29, D:6)
  a +0 hand axe
(50, -4, D:6)
  a +1 chain mail of fire resistance

Level 7 of the Dungeon
(0, 0, D:7)
  a +0 dagger
  a +0 robe
(3, -10, D:7)
  a cursed +0 spear
(3, 3, D:7)
  12 stones
(7, -5, D:7)
  a +0 war axe
(7, -4, D:7)
  a +0 dagger
  a +0 robe
(8, -5, D:7)
  a +0 dagger
  a cursed +0 giant club
  a +0 broad axe
  a +0 plate armour
  a +0 glaive
  a +0 plate armour
(9, -2, D:7)
  a +0 morningstar
(11, -2, D:7)
  a +0 trident
(20, 8, D:7)
  a cursed +0 short sword
  4 poisoned darts
  a +0 club
  a stone
(21, -5, D:7)
  a +0 dagger
  a +0 short sword
  a stone
(21, 8, D:7)
  a +0 short sword
  5 stones
(22, -6, D:7)
  a stone
(22, -5, D:7)
  a +0 short sword
(31, 12, D:7)
  a +0 dagger
(34, 30, D:7)
  a +0 dagger
  a +0 robe
  a +0 mace
  a +0 chain mail
(35, 18, D:7)
  a +0 whip
(35, 28, D:7)
  a +0 flail
(37, 27, D:7)
  a +0 whip
(37, 28, D:7)
  a cursed +0 giant club
(38, 8, D:7)
  a +0 dagger
  a +0 robe
(39, 8, D:7)
  a +0 trident
  a +0 ring mail
(40, 8, D:7)
  a +0 hand axe
  a boomerang
  a +0 scale mail
(53, 9, D:7)
  a +2 leather armour of cold resistance

Level 8 of the Dungeon
[Shop] Utuisarch's General Store
  a +0 pair of gloves (63 gold)
  19 stones (26 gold)
  a +0 ring mail (56 gold)
  a potion of brilliance (56 gold)
  14 stones (19 gold)
  11 stones (15 gold)
  a ration (70 gold)
  a scroll of remove curse (42 gold)
[Shop] Usac's Jewellery Shop
  an uncursed ring of flight (245 gold)
  an uncursed ring of positive energy (280 gold)
  an uncursed ring of resist corrosion (280 gold)
  an uncursed ring of magical power (280 gold)
  a cursed ring of attention (63 gold)
  a +3 ring of strength (219 gold)
  an uncursed ring of fire (350 gold)
  a cursed ring of teleportation (63 gold)
  the cursed ring "Rossix" {rF- rN+ MR+ Int-3} (88 gold)
    [ring of intelligence]
    
    It affects your intelligence (-3).
    It makes you vulnerable to fire.
    It protects you from negative energy.
    It affects your resistance to hostile enchantments.
    It has a curse placed upon it.
  a +2 ring of slaying (294 gold)
  an uncursed ring of stealth (245 gold)
  a +6 ring of intelligence (819 gold)
  a cursed -2 ring of protection (28 gold)
  a cursed ring of attention (63 gold)
[Shop] Ushups's Weapon Boutique
  a +0 morningstar (44 gold)
  a +2 spear of flaming (191 gold)
  the +3 scimitar "Riuph" {chaos, +Blink rN++} (513 gold)
    Each time it hits an enemy it has a different, random effect.
    
    It greatly protects you from negative energy.
    It lets you blink.
  a +0 falchion (33 gold)
  the +10 dagger of the Omega Point {flame, rElec Dex+4 SInv} (882 gold)
    It has been specially enchanted to burn those struck by it, causing extra
    injury to most foes and up to half again as much damage against particularly
    susceptible opponents.
    
    It affects your dexterity (+4).
    It insulates you from electricity.
    It lets you see invisible.
  a throwing net (33 gold)
  27 stones (29 gold)
  a +0 halberd (44 gold)
  a +1 glaive of venom (162 gold)
  17 stones (18 gold)
  a +0 mace (33 gold)
  a +0 trident (38 gold)
[Shop] Woolit's Changing Room
  a book of Alchemy (1125 gold)
  a potion of lignification (45 gold)
  a wand of polymorph (12) (210 gold)
  a book of Alchemy (1125 gold)
  a potion of lignification (45 gold)
  Sif Muna's Handbook of Shape Shifting (720 gold)
    Spells                           Type                      Level      
    Known
     a - Passwall                     Transmutation/Earth           2         
    no
     b - Spider Form                  Transmutation/Poison          3         
    no
     c - Petrify                      Transmutation/Earth           4         
    no
     d - Blade Hands                  Transmutation                 5         
    no
     e - Hydra Form                   Transmutation                 6         
    no
    
    
    Trog disapproves of the use of such an item.
  a book of Changes (375 gold)
[Shop] Hovadgha's Antique Weapon Emporium
  a +0 club (26 gold)
  a +0 longbow (117 gold)
  the +4 trident "Gybaim Neq" {flame, rElec rPois Str-5 Int+6} (1211 gold)
    It has been specially enchanted to burn those struck by it, causing extra
    injury to most foes and up to half again as much damage against particularly
    susceptible opponents.
    
    It affects your strength (-5).
    It affects your intelligence (+6).
    It insulates you from electricity.
    It protects you from poison.
  a +2 shortbow of freezing (452 gold)
  a +1 halberd of venom (306 gold)
  a +0 battleaxe (169 gold)
  a +0 hunting sling (39 gold)
[Shop] Seppas's Distillery
  a potion of magic (112 gold)
  a potion of haste (140 gold)
  a potion of brilliance (56 gold)
  a potion of lignification (42 gold)
  a potion of curing (42 gold)
  a potion of might (56 gold)
  a potion of might (56 gold)
  2 potions of flight (84 gold)
  a potion of degeneration (14 gold)
  a potion of brilliance (56 gold)
  a potion of flight (42 gold)
  a potion of heal wounds (70 gold)
  a potion of haste (140 gold)
  a potion of heal wounds (70 gold)
(0, 0, D:8)
  24 stones
(5, -17, D:8)
  a book of Beasts
(5, 7, D:8)
  a +0 robe
(7, 8, D:8)
  a +0 trident
  a +0 leather armour
(8, -17, D:8)
  a +0 short sword
(15, -18, D:8)
  a +0 mace
  a +0 hand axe
  a +0 dagger
  a +0 robe
(15, -17, D:8)
  a +0 club
  a +0 leather armour
(15, 0, D:8)
  a +0 cloak
(23, -13, D:8)
  a +0 short sword
(47, 5, D:8)
  a +0 scimitar
(47, 14, D:8)
  20 bolts
(48, 15, D:8)
  a cursed -1 war axe
  a +0 leather armour
(49, 22, D:8)
  a +0 trident
  2 throwing nets
  a +0 chain mail

Level 9 of the Dungeon
(0, 0, D:9)
  a +0 giant club
  an ogre skeleton
(15, -1, D:9)
  16 stones
(19, 28, D:9)
  a +2 helmet
(24, 21, D:9)
  a +1 dagger of venom
  a +0 robe
  an orc skeleton
(24, 22, D:9)
  a +0 short sword
  5 boomerangs
  a +0 leather armour
(25, 18, D:9)
  a +0 falchion
  a +0 leather armour
  an orc skeleton
(26, 21, D:9)
  a +0 war axe
  5 boomerangs
  an orc skeleton
(37, 18, D:9)
  5 large rocks
(44, 13, D:9)
  a +1 plate armour of fire resistance
(44, 15, D:9)
  a +2 helmet of see invisible
(44, 16, D:9)
  a +0 triple sword
(50, 14, D:9)
  a cursed -1 flail
  (unseen)
(51, 15, D:9)
  a +0 dagger
  5 boomerangs
  an orc corpse
(51, 16, D:9)
  a +0 flail
  an orc corpse
(52, 14, D:9)
  a cursed -3 flail
(52, 22, D:9)
  a wand of paralysis (6)
  5 large rocks

the Ecumenical Temple

