Arcades

Level 1 of the Dungeon
(0, 0, D:1)
  a +0 club
  a goblin corpse
(2, 9, D:1)
  a stone
(7, -30, D:1)
  a kobold corpse (skeletalised by now)
(7, -10, D:1)
  a +0 club
(10, 18, D:1)
  a +0 club
  a hobgoblin corpse (skeletalised by now)
(13, -16, D:1)
  a +0 dagger
  a goblin corpse (skeletalised by now)
(17, 0, D:1)
  a +0 short sword
(22, -6, D:1)
  a +0 hand axe
(33, -12, D:1)
  a kobold corpse (skeletalised by now)
(36, 1, D:1)
  a frilled lizard corpse (skeletalised by now)
(38, -1, D:1)
  a bat corpse (skeletalised by now)
(39, -3, D:1)
  a +0 club
  a hobgoblin corpse (skeletalised by now)

