Kownaw

Level 1 of the Dungeon
(23, 16, D:1)
  a +0 mace
(26, 10, D:1)
  a stone
(27, 4, D:1)
  24 stones
(28, 4, D:1)
  15 stones
(33, 9, D:1)
  2 stones
(34, 10, D:1)
  2 stones
(35, 11, D:1)
  19 stones
(37, 10, D:1)
  16 stones
(38, -1, D:1)
  a +0 hunting sling
(40, 24, D:1)
  a +0 dagger
(41, 24, D:1)
  a +0 club
(44, 18, D:1)
  a +0 leather armour
(54, 5, D:1)
  a cursed +0 dagger

Level 2 of the Dungeon
(0, 0, D:2)
  12 stones
(9, 3, D:2)
  a +0 hunting sling
(9, 12, D:2)
  a +0 whip
(11, 12, D:2)
  a stone
(14, 12, D:2)
  a stone
(18, 26, D:2)
  2 stones
(27, -3, D:2)
  a +0 animal skin
(34, 35, D:2)
  a stone
(35, 14, D:2)
  a +0 ring mail
(35, 37, D:2)
  a +0 club
(38, 35, D:2)
  a +0 dagger
(39, 5, D:2)
  15 bolts

Level 3 of the Dungeon
(2, 0, D:3)
  a +0 hand axe
(3, 0, D:3)
  a +0 club
(13, -11, D:3)
  a +0 dagger
(15, -2, D:3)
  a +0 club
(18, 8, D:3)
  a +0 short sword
  a +0 club
(27, 22, D:3)
  a +0 whip
(32, -21, D:3)
  16 sling bullets
(33, -21, D:3)
  a cursed -3 club
(34, -1, D:3)
  22 sling bullets
(37, 16, D:3)
  a +0 club
(41, -14, D:3)
  a +0 dagger
(44, -10, D:3)
  a +0 club
(44, 24, D:3)
  a +0 halberd
(44, 25, D:3)
  a +0 halberd
(44, 26, D:3)
  a +0 whip
(49, 3, D:3)
  a +0 dagger
(50, 1, D:3)
  a +0 spear

Level 4 of the Dungeon
(0, 0, D:4)
  21 arrows
(1, 5, D:4)
  a +0 robe
(11, 11, D:4)
  21 arrows
(12, 1, D:4)
  25 stones
(13, 25, D:4)
  +0 acid dragon scales
(13, 32, D:4)
  11 stones
(16, -5, D:4)
  a cursed +0 club
(22, 10, D:4)
  a +0 quarterstaff
(23, 33, D:4)
  20 stones
(28, -8, D:4)
  27 stones
(31, -8, D:4)
  a +0 mace
(32, -9, D:4)
  a +0 flail
(32, -8, D:4)
  a +0 scale mail
(32, -7, D:4)
  a +0 dagger
  a +0 robe
(33, 39, D:4)
  a +0 spear
(35, -4, D:4)
  a +0 leather armour
(36, 24, D:4)
  18 bolts
(37, 43, D:4)
  a +0 ring mail
(42, 15, D:4)
  25 stones
(53, 1, D:4)
  a +0 ring mail

Level 5 of the Dungeon
(2, 5, D:5)
  a ration
(3, 4, D:5)
  a poisoned dart
(4, 3, D:5)
  a poisoned dart
(5, 0, D:5)
  32 stones
(5, 2, D:5)
  a poisoned dart
(11, 0, D:5)
  a cursed -1 leather armour

Level 1 of the Abyss
(0, 0, Abyss:1)
  the +7 rapier "Ema Sitz" {vamp, rElec MR- Int+6}
    It inflicts no extra harm, but heals its wielder when it wounds a living
    foe.
    
    It affects your intelligence (+6).
    It insulates you from electricity.
    It affects your resistance to hostile enchantments.
(9, 6, Abyss:1)
  a +0 great mace

