Vouh

Level 1 of the Dungeon
(0, 0, D:1)
  a mace
(2, -21, D:1)
  14 stones
(9, -26, D:1)
  a stone
(9, -18, D:1)
  a robe
(9, -2, D:1)
  a dagger
(11, 4, D:1)
  a +0 hand axe
(12, 15, D:1)
  a cursed -1 dagger
  a +0 dagger
(14, -17, D:1)
  a +0 short sword
(15, 10, D:1)
  a +0 club
(34, 15, D:1)
  a stone
(35, -21, D:1)
  a stone
(37, -21, D:1)
  a +0 dagger
(38, 15, D:1)
  a stone
(38, 16, D:1)
  a stone
(39, -5, D:1)
  9 stones
(49, -14, D:1)
  a +0 club
(51, -3, D:1)
  a +0 club

Level 2 of the Dungeon
(0, 0, D:2)
  a +0 spear
(1, -1, D:2)
  a quokka skeleton
(1, 0, D:2)
  a +0 club
  a gnoll skeleton
(3, 0, D:2)
  a throwing net
(4, 6, D:2)
  a robe
(9, -5, D:2)
  a frilled lizard skeleton
(10, 1, D:2)
  a +0 hand axe
(11, -10, D:2)
  a rat skeleton
(12, 12, D:2)
  a mace
(14, -18, D:2)
  13 gold pieces

